<?xml version="1.0" encoding="UTF-8"?>
<!-- Generated by org.testng.reporters.JUnitReportReporter -->
<testsuite hostname="DESKTOP-DL7O3I1" failures="0" tests="7" name="testScript.GoFunTScript" time="143.410" errors="0" timestamp="2024-08-31T11:28:06 IST" skipped="0">
  <testcase classname="testScript.GoFunTScript" name="beforeTest" time="6.820"/>
  <testcase classname="testScript.GoFunTScript" name="initializePage" time="7.739"/>
  <testcase classname="testScript.GoFunTScript" name="loginPage" time="2.713"/>
  <testcase classname="testScript.GoFunTScript" name="verifyActiveGames" time="108.112"/>
  <testcase classname="testScript.GoFunTScript" name="teamScore" time="2.974"/>
  <testcase classname="testScript.GoFunTScript" name="fillStake" time="4.582"/>
  <testcase classname="testScript.GoFunTScript" name="afterTest" time="10.470"/>
</testsuite> <!-- testScript.GoFunTScript -->
